[dotenv@17.2.3] injecting env (4) from .env -- tip: ✅ audit secrets and track compliance: https://dotenvx.com/ops
Server running at http://localhost:3001
[REQUEST] GET /api/site/configuration/localhost
[DEBUG] Fetched 33 Wheels and 33 Colors
[DEBUG] Item 28 (Enve SES 3.4) has 1 colors.
  - Color [0] ID:28 Name:Black Price:2800
[DEBUG] Item 10 (Enve SES 4.5) has 1 colors.
  - Color [0] ID:10 Name:Black Price:2800
[DEBUG] Item 9 (Enve SES 5.6) has 1 colors.
  - Color [0] ID:9 Name:black Price:2800
[DEBUG] Item 11 (Enve Foundation 4.5) has 1 colors.
  - Color [0] ID:11 Name:black Price:1800
[DEBUG] Item 12 (Enve Foundation 6.5) has 1 colors.
  - Color [0] ID:12 Name:black Price:1800
[DEBUG] Item 36 (Princeton Carbonworks) has 1 colors.
  - Color [0] ID:36 Name:Black Price:1027
[DEBUG] Item 25 (Enve AR 4.5) has 1 colors.
  - Color [0] ID:25 Name:Black Price:3250
[DEBUG] Item 26 (Enve G27 Gravel) has 1 colors.
  - Color [0] ID:26 Name:Black Price:2800
[DEBUG] Item 13 (Zipp 303s) has 1 colors.
  - Color [0] ID:13 Name:Black Price:1100
[DEBUG] Item 6 (Ligthweight Meilenstein) has 1 colors.
  - Color [0] ID:6 Name:Black Price:4299
[DEBUG] Item 7 (Black Inc Forty Five) has 1 colors.
  - Color [0] ID:7 Name:Black Price:2899
[DEBUG] Item 8 (Black Inc Sixty) has 1 colors.
  - Color [0] ID:8 Name:Black Price:2899
[DEBUG] Item 17 (Campagnolo WTO 45) has 1 colors.
  - Color [0] ID:17 Name:Black Price:2250
[DEBUG] Item 18 (Campagnolo WTO 60) has 1 colors.
  - Color [0] ID:18 Name:Black Price:2250
[DEBUG] Item 27 (Campagnolo WTO ULTRA 45) has 1 colors.
  - Color [0] ID:27 Name:Black Price:3160
[DEBUG] Item 35 (Sislent - Veloce 88C Wheels ROAD) has 1 colors.
  - Color [0] ID:35 Name:Black Price:1077
[DEBUG] Item 34 (Sislent - Berg 29 AL Wheels MTB) has 1 colors.
  - Color [0] ID:34 Name:Black Price:481
[DEBUG] Item 33 (Sislent - Veloce 38C Wheels ROAD) has 1 colors.
  - Color [0] ID:33 Name:Black Price:807
[DEBUG] Item 32 (Sislent - Berg 29C Wheels MTB) has 1 colors.
  - Color [0] ID:32 Name:Black Price:1079
[DEBUG] Item 31 (Sislent - Spirit 40 Gravel Wheels) has 1 colors.
  - Color [0] ID:31 Name:Black Price:1072
[DEBUG] Item 30 (Fulcrum Racing 600 db (Alloy)) has 1 colors.
  - Color [0] ID:30 Name:Black Price:339
[DEBUG] Item 29 (Fulcrum Racing Wind 400 db) has 1 colors.
  - Color [0] ID:29 Name:Black Price:1243
[DEBUG] Item 20 (Hed Vanquish 60 Performance) has 1 colors.
  - Color [0] ID:20 Name:Black Price:1640
[DEBUG] Item 24 (Hed Emporia Performance Gravel Alu) has 1 colors.
  - Color [0] ID:24 Name:Black Price:718
[DEBUG] Item 23 (Hed Emporia Gravel Carbon) has 1 colors.
  - Color [0] ID:23 Name:Black Price:2255
[DEBUG] Item 22 (Hed Vanquish 40 RC Pro) has 1 colors.
  - Color [0] ID:22 Name:Black Price:2665
[DEBUG] Item 21 (Hed Vanquish 40 Performance) has 1 colors.
  - Color [0] ID:21 Name:Black Price:1640
[DEBUG] Item 2 (Zipp 858) has 1 colors.
  - Color [0] ID:2 Name:Black Price:100
[DEBUG] Item 19 (Hed Vanquish 60 RC Pro) has 1 colors.
  - Color [0] ID:19 Name:Black Price:2665
[DEBUG] Item 16 (Shimano Dura Ace C36) has 1 colors.
  - Color [0] ID:16 Name:Black Price:2800
[DEBUG] Item 15 (Dura Ace C60) has 1 colors.
  - Color [0] ID:15 Name:Black Price:2800
[DEBUG] Item 14 (Zipp 454 NSW) has 1 colors.
  - Color [0] ID:14 Name:Black Price:1100
[DEBUG] Item 5 (CLX 321) has 1 colors.
  - Color [0] ID:5 Name:Black Price:100
[DEBUG] Fetched 11 Bars and 11 Colors
[DEBUG] Item 1 (Enve Gravel) has 1 colors.
  - Color [0] ID:1 Name:Negro Price:80
[DEBUG] Item 2 (Enve Cockpit) has 1 colors.
  - Color [0] ID:2 Name: Price:80
[DEBUG] Item 4 (THM Ulna + Tibia) has 1 colors.
  - Color [0] ID:6 Name:Negro Price:900
[DEBUG] Item 5 (Blackinc Integrated Handlebar) has 1 colors.
  - Color [0] ID:7 Name:Negro Price:800
[DEBUG] Item 6 (ZIPP SL Cockpit) has 1 colors.
  - Color [0] ID:8 Name:Negro Price:800
[DEBUG] Item 7 (LightWeight Cockpit) has 1 colors.
  - Color [0] ID:9 Name:Negro Price:800
[DEBUG] Item 8 (Deda Alanera
 Deda Alanera Cockpit) has 1 colors.
  - Color [0] ID:10 Name:Negro Price:907
[DEBUG] Item 9 (Sislent Integrated Cockpit
) has 1 colors.
  - Color [0] ID:11 Name:Negro Price:200
[DEBUG] Item 10 (Generic Gravel/Road Cockpit
) has 1 colors.
  - Color [0] ID:12 Name:Negro Price:100
[DEBUG] Item 11 (Generic MTB Cockpit
) has 1 colors.
  - Color [0] ID:13 Name:Negro Price:100
[DEBUG] Item 12 (Sislent MTB Cockpit
) has 1 colors.
  - Color [0] ID:14 Name:Negro Price:100
[DEBUG] Fetched 10 Seatposts and 10 Colors
[DEBUG] Item 1 (Enve Seatpost) has 1 colors.
  - Color [0] ID:1 Name:Negro Price:40
[DEBUG] Item 2 (Deda Superzero) has 1 colors.
  - Color [0] ID:2 Name:Negro Price:40
[DEBUG] Item 5 (Lightweight Leistungstrager) has 1 colors.
  - Color [0] ID:7 Name:Negro Price:315
[DEBUG] Item 6 (Enve Zero Setback Seatpost) has 1 colors.
  - Color [0] ID:6 Name:Negro Price:300
[DEBUG] Item 7 (THM Mandibula) has 1 colors.
  - Color [0] ID:8 Name:Negro Price:600
[DEBUG] Item 8 (Generic Seatpost) has 1 colors.
  - Color [0] ID:10 Name:Negro Price:60
[DEBUG] Item 9 (Sislent Seatpost) has 1 colors.
  - Color [0] ID:11 Name:Negro Price:123
[DEBUG] Item 10 (DT Swiss Seatpost) has 1 colors.
  - Color [0] ID:12 Name:Negro Price:455
[DEBUG] Item 11 (BikeYoke Seatpost) has 1 colors.
  - Color [0] ID:13 Name:Negro Price:461
[DEBUG] Item 12 (Rockshock Seatpost) has 1 colors.
  - Color [0] ID:14 Name:Negro Price:907
[DEBUG] Fetched 9 Saddles and 9 Colors
[DEBUG] Item 12 (Essax Saddle
) has 1 colors.
  - Color [0] ID:11 Name: Price:97
[DEBUG] Item 1 (Arione R1 Open Regular) has 1 colors.
  - Color [0] ID:1 Name:Negro Price:80
[DEBUG] Item 2 (Fizik Antares R1 Open) has 1 colors.
  - Color [0] ID:2 Name: Price:80
[DEBUG] Item 3 (Fizik Aliante R1 Open) has 1 colors.
  - Color [0] ID:3 Name: Price:82
[DEBUG] Item 6 (Fizik Antares Versus EVO 00 Adaptive ) has 1 colors.
  - Color [0] ID:6 Name: Price:399
[DEBUG] Item 7 (Fizik Antares Versus EVO R1 Adaptive) has 1 colors.
  - Color [0] ID:7 Name: Price:349
[DEBUG] Item 8 (Selle San Marco Shortfit FX Carbon) has 1 colors.
  - Color [0] ID:8 Name: Price:199
[DEBUG] Item 9 (Selle San Marco Shortfit) has 1 colors.
  - Color [0] ID:9 Name: Price:99
[DEBUG] Item 10 (Prologo Dimension Carbon) has 1 colors.
  - Color [0] ID:10 Name: Price:249
[DEBUG] Fetched 9 Tyres and 12 Colors
[DEBUG] Item 2 (Conti GP5000s) has 2 colors.
  - Color [0] ID:2 Name:Black Price:200
  - Color [1] ID:8 Name:beige Price:200
[DEBUG] Item 3 (Vittoria Corsa Graphene) has 2 colors.
  - Color [0] ID:3 Name:Beige Price:200
  - Color [1] ID:12 Name:Grey Price:200
[DEBUG] Item 6 (WTB Resolute 42) has 1 colors.
  - Color [0] ID:6 Name:black Price:200
[DEBUG] Item 7 (Pirelli Cinturato ) has 1 colors.
  - Color [0] ID:7 Name:black Price:200
[DEBUG] Item 10 (Enve SES Tyres) has 2 colors.
  - Color [0] ID:10 Name:beige Price:200
  - Color [1] ID:11 Name:black Price:200
[DEBUG] Item 11 (WTB Nano 40) has 1 colors.
  - Color [0] ID:13 Name:black Price:200
[DEBUG] Item 12 (Vittoria Rubino Pro) has 1 colors.
  - Color [0] ID:14 Name:Black Price:39.99
[DEBUG] Item 13 (Generic Road Tyre) has 1 colors.
  - Color [0] ID:15 Name:Black Price:107
[DEBUG] Item 14 (Generic Gravel/MTB Tyre) has 1 colors.
  - Color [0] ID:16 Name:black Price:107
[DEBUG] Fetched 26 Groupsets and 26 Colors
[DEBUG] Item 27 (Sram Red AXS 1X XPLR Disc  ROAD/GRAVEL) has 1 colors.
  - Color [0] ID:26 Name:Negro Price:2487
[DEBUG] Item 4 (Sram Red AXS 2X Disc  ROAD/GRAVEL) has 1 colors.
  - Color [0] ID:4 Name:Negro Price:2000
[DEBUG] Item 14 (Shimano 105 12V DI2 R7100 Disc ROAD) has 1 colors.
  - Color [0] ID:14 Name:Negro Price:1948
[DEBUG] Item 24 (Shimano Ultegra 12V DI2 R8100 Disc TRI) has 1 colors.
  - Color [0] ID:24 Name:Negro Price:2917
[DEBUG] Item 23 (Shimano 105 12V DI2 R7100 Disc TRI) has 1 colors.
  - Color [0] ID:23 Name:Negro Price:1067
[DEBUG] Item 22 (Shimano 105 12V Mechanical R7000 Disc TRI) has 1 colors.
  - Color [0] ID:22 Name:Negro Price:1067
[DEBUG] Item 17 (Shimano 105 12V Mechanical R7000 Disc ROAD) has 1 colors.
  - Color [0] ID:17 Name:Negro Price:1067
[DEBUG] Item 11 (Shimano Ultegra 12V DI2 R8100 Disc ROAD) has 1 colors.
  - Color [0] ID:11 Name:Negro Price:2917
[DEBUG] Item 10 (Shimano Dura-Ace 12V DI2 R9200 Disc ROAD) has 1 colors.
  - Color [0] ID:10 Name:Negro Price:4512
[DEBUG] Item 12 (Sram Rival AXS 2X GRAVEL) has 1 colors.
  - Color [0] ID:12 Name:Negro Price:1219
[DEBUG] Item 13 (Sram Rival AXS 1X GX Rear Derrailleur + Casette GRAVEL) has 1 colors.
  - Color [0] ID:13 Name:Negro Price:989
[DEBUG] Item 25 (Sram Force D2 XPLR AXS 1X Disc Gravel) has 1 colors.
  - Color [0] ID:25 Name:Negro Price:2487
[DEBUG] Item 5 (Sram Force D2 AXS 2X Disc ROAD/GRAVEL) has 1 colors.
  - Color [0] ID:5 Name:Negro Price:2487
[DEBUG] Item 8 (Shimano GRX 1x DI2  Disc GRAVEL) has 1 colors.
  - Color [0] ID:8 Name:Negro Price:2108
[DEBUG] Item 7 (Shimano GRX 2x DI2  Disc GRAVEL) has 1 colors.
  - Color [0] ID:7 Name:Negro Price:2312
[DEBUG] Item 18 (SHIMANO DEORE 12v Mechanical M6100 MTB) has 1 colors.
  - Color [0] ID:18 Name:Negro Price:392
[DEBUG] Item 3 (Sram XX Eagle Transmission 1X Gravel) has 1 colors.
  - Color [0] ID:3 Name:Negro Price:2770
[DEBUG] Item 21 (SRAM 1X Disc NX MTB) has 1 colors.
  - Color [0] ID:21 Name:Negro Price:477
[DEBUG] Item 20 (SHIMANO XTR 12v Mechanical 9100 MTB) has 1 colors.
  - Color [0] ID:20 Name:Negro Price:1559
[DEBUG] Item 19 (SHIMANO XT  12v Mechanical M8100 MTB) has 1 colors.
  - Color [0] ID:19 Name:Negro Price:669
[DEBUG] Item 16 (SRAM AXS 1X Disc GX MTB) has 1 colors.
  - Color [0] ID:16 Name:Negro Price:1217
[DEBUG] Item 15 (SRAM AXS 1X Disc XX1 MTB) has 1 colors.
  - Color [0] ID:15 Name:Negro Price:2337
[DEBUG] Item 9 (Campagnolo Ekar 13 Disc GRAVEL) has 1 colors.
  - Color [0] ID:9 Name:Negro Price:1575
[DEBUG] Item 6 (Campagnolo Super Record Wireless 12V Disc ROAD) has 1 colors.
  - Color [0] ID:6 Name:Negro Price:4667
[DEBUG] Item 1 (Shimano Dura-Ace 11V DI2 9150 Disc ROAD) has 1 colors.
  - Color [0] ID:1 Name:Negro Price:3452
[DEBUG] Item 2 (Shimano Ultegra 11V DI2 Disc ROAD) has 1 colors.
  - Color [0] ID:2 Name:Negro Price:2048
[DEBUG] Fetched 32 Framesets and 81 Colors
[DEBUG] Item 58 (Specialized S-Works Tarmac SL8) has 4 colors.
  - Color [0] ID:115 Name:Burgundy Price:6205
  - Color [1] ID:116 Name:White Price:6205
  - Color [2] ID:117 Name:White Price:6205
  - Color [3] ID:118 Name:Pink Price:6205
[DEBUG] Item 38 (Enve Melee (includes integrated Enve Handlebar)) has 3 colors.
  - Color [0] ID:79 Name:Matt Grey Price:6298
  - Color [1] ID:121 Name:Blue Price:6298
  - Color [2] ID:122 Name:Black Price:6298
[DEBUG] Item 5 (3T RACEMAX 2 - MADE IN ITALY) has 3 colors.
  - Color [0] ID:10 Name:Celeste Price:5950
  - Color [1] ID:5592 Name:Black Carbon Price:5950
  - Color [2] ID:5593 Name:Emerald Price:5950
[DEBUG] Item 36 (Colnago C68 Ti - Road (includes integrated carbon handlebar + stem)) has 1 colors.
  - Color [0] ID:77 Name:Black/Gold Price:7430
[DEBUG] Item 34 (BAUM Orbis X - Gravel) has 1 colors.
  - Color [0] ID:62 Name:Snow White/Gun Powder
 Price:7390
[DEBUG] Item 56 (Enve Mog Gravel (includes Enve integrated handlebar)) has 1 colors.
  - Color [0] ID:112 Name:Blue/White/Gold Price:6298
[DEBUG] Item 35 (Colnago C68 - Road (includes integrated carbon handlebar + stem)) has 4 colors.
  - Color [0] ID:73 Name:Blue/White/Gold Price:6585
  - Color [1] ID:74 Name:Black/Black Price:6585
  - Color [2] ID:75 Name:White/Black Price:6585
  - Color [3] ID:76 Name:Red/Black Price:6585
[DEBUG] Item 59 (Colnago C68  - Gravel (includes integrated carbon handlebar + stem)) has 2 colors.
  - Color [0] ID:119 Name:Dusty Green Price:6585
  - Color [1] ID:120 Name:Black Price:6585
[DEBUG] Item 20 (Colnago C64 - Road) has 4 colors.
  - Color [0] ID:24 Name:Black/White Price:5412
  - Color [1] ID:25 Name:White Price:5412
  - Color [2] ID:36 Name:Silver Price:5412
  - Color [3] ID:37 Name:Red Price:5412
[DEBUG] Item 29 (Festka One - Road (includes Enve handlebar + stem)) has 6 colors.
  - Color [0] ID:44 Name:Raw Carbon/Absolute Black Price:4990
  - Color [1] ID:45 Name:Raw Carbon/Fragola Price:4990
  - Color [2] ID:64 Name:Raw Carbon/Gold Price:4990
  - Color [3] ID:65 Name:Mustard/Absolute Black Price:5690
  - Color [4] ID:66 Name:Absolute Black/Off White Price:5690
  - Color [5] ID:67 Name:BABY ELEPHANT/ABSOLUTE BLACK  Price:5690
[DEBUG] Item 26 (Allied Able) has 2 colors.
  - Color [0] ID:38 Name:grey Price:5123
  - Color [1] ID:39 Name:Blue Price:5123
[DEBUG] Item 27 (Factor Ostro VAM 2024) has 1 colors.
  - Color [0] ID:40 Name:White/Silver Price:6499
[DEBUG] Item 57 (Colnago V4RS - Road (includes integrated carbon handlebar + stem)) has 1 colors.
  - Color [0] ID:113 Name:Black/Black Price:6205
[DEBUG] Item 55 (3T Exploro Racemax Made In Italy - Gravel) has 4 colors.
  - Color [0] ID:109 Name:Rosso Price:4499
  - Color [1] ID:110 Name:White Price:4499
  - Color [2] ID:111 Name:Green Price:4499
  - Color [3] ID:114 Name:Project-X Price:5499
[DEBUG] Item 33 (Festka Scalattore - Road (includes Enve handlebar + stem)) has 6 colors.
  - Color [0] ID:59 Name:Raw Carbon/Silver Price:6753
  - Color [1] ID:60 Name:Raw Carbon/Vegas Gold Price:6753
  - Color [2] ID:61 Name:Snow White/Gun Powder
 Price:7390
  - Color [3] ID:63 Name:Mistery Red / Snow White (Matte) Price:7390
  - Color [4] ID:68 Name:RAW CARBON/INDIGO BLUE/PORNSTAR PINK Price:6690
  - Color [5] ID:69 Name:CARBON BLACK + ROSEGOLD (glossy) Price:7390
[DEBUG] Item 32 (Festka Rover - Gravel) has 5 colors.
  - Color [0] ID:54 Name:Sierra Beige/Raw Carbon/French Roas (matte)

 Price:5590
  - Color [1] ID:55 Name:Raw Carbon/Seaweer(matte)
 Price:4890
  - Color [2] ID:56 Name:Raw Carbon/Absolute Black (matte + glossy logos)

 Price:4890
  - Color [3] ID:57 Name:Mystery Red/Raw Carbon/Absolute Black (Glossy)

 Price:5590
  - Color [4] ID:70 Name:Raw Carbon + Copper (matte)

 Price:4890
[DEBUG] Item 30 (Festka Spectre - Road) has 7 colors.
  - Color [0] ID:46 Name:Silver/Carbon Price:4790
  - Color [1] ID:47 Name:Red/Carbon Price:4790
  - Color [2] ID:48 Name:Dust Yellow Price:5490
  - Color [3] ID:49 Name:Baby Blue Price:5490
  - Color [4] ID:50 Name:Spectre Mummy Price:7210
  - Color [5] ID:51 Name:Floyd Price:6900
  - Color [6] ID:52 Name:Dots Stripes Price:7510
[DEBUG] Item 6 (Open Wide - Gravel) has 2 colors.
  - Color [0] ID:7 Name:Grey (Matt/Gloss) Price:3500
  - Color [1] ID:8 Name:Orange (Matt/Gloss) Price:3500
[DEBUG] Item 3 (Open Up - Gravel) has 2 colors.
  - Color [0] ID:4 Name:Azul Price:3200
  - Color [1] ID:9 Name:Green (Matt/Gloss) Price:3200
[DEBUG] Item 1 (Open Mind - Road) has 2 colors.
  - Color [0] ID:1 Name:Azul marino Price:3600
  - Color [1] ID:2 Name:Verde Price:3600
[DEBUG] Item 19 (Factor O2 VAM) has 3 colors.
  - Color [0] ID:28 Name:Chrome Price:5990
  - Color [1] ID:71 Name:Black/White Price:5990
  - Color [2] ID:72 Name:Blue Azure Price:5990
[DEBUG] Item 18 (Factor LS Gravel) has 1 colors.
  - Color [0] ID:27 Name:Carbon Price:2925
[DEBUG] Item 53 (Factor Ostro Gravel) has 2 colors.
  - Color [0] ID:106 Name:Glossy White Price:5990
  - Color [1] ID:107 Name:Black Matt Price:5990
[DEBUG] Item 54 (Sturdy Cilla 3D Titanium) has 1 colors.
  - Color [0] ID:108 Name:Titanium Price:8025
[DEBUG] Item 17 (Factor O2 Road) has 2 colors.
  - Color [0] ID:26 Name:Carbon Price:2925
  - Color [1] ID:32 Name:Miami Blue Price:2925
[DEBUG] Item 25 (J Guillem Atalaya - Gravel) has 1 colors.
  - Color [0] ID:35 Name:Titanium Price:2199
[DEBUG] Item 24 (J Guillem Formentor - Road) has 1 colors.
  - Color [0] ID:34 Name:Titanium Price:3499
[DEBUG] Item 22 (Aurum) has 3 colors.
  - Color [0] ID:30 Name:Black Price:4099
  - Color [1] ID:31 Name:Light Blue Price:4099
  - Color [2] ID:58 Name:White Price:4099
[DEBUG] Item 11 (Pinarello F - Road + Talon Handlebar) has 3 colors.
  - Color [0] ID:17 Name:Black Price:8075
  - Color [1] ID:18 Name:Silver Price:8075
  - Color [2] ID:19 Name:Red Price:8075
[DEBUG] Item 2 (Willier Cento10PRO) has 1 colors.
  - Color [0] ID:3 Name:Rojo brillante Price:150
[DEBUG] Item 4 (Willier cento10NDR) has 1 colors.
  - Color [0] ID:5 Name:Azul/Rojo Price:200
[DEBUG] Item 21 (Colnago V3Rs - Road) has 1 colors.
  - Color [0] ID:29 Name:Black Price:5138
